Using pre-set license
Built from '2021.3/staging' branch; Version is '2021.3.21f1 (1b156197d683) revision 1774945'; Using compiler version '192829333'; Build Type 'Release'
OS: 'Windows 10  (10.0.19045) 64bit Professional' Language: 'ru' Physical Memory: 16221 MB
BatchMode: 1, IsHumanControllingUs: 0, StartBugReporterOnCrash: 0, Is64bit: 1, IsPro: 1

COMMAND LINE ARGUMENTS:
A:\programs\Unity Editor\2021.3.21f1\Editor\Unity.exe
-adb2
-batchMode
-noUpm
-name
AssetImportWorker0
-projectPath
A:/ігори(говнодев)/MyProject
-logFile
Logs/AssetImportWorker0.log
-srvPort
60194
Successfully changed project path to: A:/ігори(говнодев)/MyProject
A:/ігори(говнодев)/MyProject
[UnityMemory] Configuration Parameters - Can be set up in boot.config
    "memorysetup-bucket-allocator-granularity=16"
    "memorysetup-bucket-allocator-bucket-count=8"
    "memorysetup-bucket-allocator-block-size=33554432"
    "memorysetup-bucket-allocator-block-count=8"
    "memorysetup-main-allocator-block-size=16777216"
    "memorysetup-thread-allocator-block-size=16777216"
    "memorysetup-gfx-main-allocator-block-size=16777216"
    "memorysetup-gfx-thread-allocator-block-size=16777216"
    "memorysetup-cache-allocator-block-size=4194304"
    "memorysetup-typetree-allocator-block-size=2097152"
    "memorysetup-profiler-bucket-allocator-granularity=16"
    "memorysetup-profiler-bucket-allocator-bucket-count=8"
    "memorysetup-profiler-bucket-allocator-block-size=33554432"
    "memorysetup-profiler-bucket-allocator-block-count=8"
    "memorysetup-profiler-allocator-block-size=16777216"
    "memorysetup-profiler-editor-allocator-block-size=1048576"
    "memorysetup-temp-allocator-size-main=16777216"
    "memorysetup-job-temp-allocator-block-size=2097152"
    "memorysetup-job-temp-allocator-block-size-background=1048576"
    "memorysetup-job-temp-allocator-reduction-small-platforms=262144"
    "memorysetup-temp-allocator-size-background-worker=32768"
    "memorysetup-temp-allocator-size-job-worker=262144"
    "memorysetup-temp-allocator-size-preload-manager=33554432"
    "memorysetup-temp-allocator-size-nav-mesh-worker=65536"
    "memorysetup-temp-allocator-size-audio-worker=65536"
    "memorysetup-temp-allocator-size-cloud-worker=32768"
    "memorysetup-temp-allocator-size-gi-baking-worker=262144"
    "memorysetup-temp-allocator-size-gfx=262144"
Player connection [21268] Host "[IP] 192.168.56.1 [Port] 0 [Flags] 2 [Guid] 1806239707 [EditorId] 1806239707 [Version] 1048832 [Id] WindowsEditor(7,DESKTOP-KR1EKPN) [Debug] 1 [PackageName] WindowsEditor [ProjectName] Editor" joined multi-casting on [225.0.0.222:54997]...

Player connection [21268] Host "[IP] 192.168.56.1 [Port] 0 [Flags] 2 [Guid] 1806239707 [EditorId] 1806239707 [Version] 1048832 [Id] WindowsEditor(7,DESKTOP-KR1EKPN) [Debug] 1 [PackageName] WindowsEditor [ProjectName] Editor" joined alternative multi-casting on [225.0.0.222:34997]...

Refreshing native plugins compatible for Editor in 197.53 ms, found 4 plugins.
Preloading 0 native plugins for Editor in 0.00 ms.
Initialize engine version: 2021.3.21f1 (1b156197d683)
[Subsystems] Discovering subsystems at path A:/programs/Unity Editor/2021.3.21f1/Editor/Data/Resources/UnitySubsystems
[Subsystems] Discovering subsystems at path A:/ігори(говнодев)/MyProject/Assets
GfxDevice: creating device client; threaded=0; jobified=0
Direct3D:
    Version:  Direct3D 11.0 [level 11.1]
    Renderer: NVIDIA GeForce GTX 1650 (ID=0x1f99)
    Vendor:   NVIDIA
    VRAM:     3962 MB
    Driver:   31.0.15.1640
Initialize mono
Mono path[0] = 'A:/programs/Unity Editor/2021.3.21f1/Editor/Data/Managed'
Mono path[1] = 'A:/programs/Unity Editor/2021.3.21f1/Editor/Data/MonoBleedingEdge/lib/mono/unityjit-win32'
Mono config path = 'A:/programs/Unity Editor/2021.3.21f1/Editor/Data/MonoBleedingEdge/etc'
Using monoOptions --debugger-agent=transport=dt_socket,embedding=1,server=y,suspend=n,address=127.0.0.1:56484
Begin MonoManager ReloadAssembly
Registering precompiled unity dll's ...
Register platform support module: A:/programs/Unity Editor/2021.3.21f1/Editor/Data/PlaybackEngines/AndroidPlayer/UnityEditor.Android.Extensions.dll
Register platform support module: A:/programs/Unity Editor/2021.3.21f1/Editor/Data/PlaybackEngines/WindowsStandaloneSupport/UnityEditor.WindowsStandalone.Extensions.dll
Registered in 0.005993 seconds.
Native extension for WindowsStandalone target not found
Native extension for Android target not found
Android Extension - Scanning For ADB Devices 1461 ms
Refreshing native plugins compatible for Editor in 217.25 ms, found 4 plugins.
Preloading 0 native plugins for Editor in 0.00 ms.
Mono: successfully reloaded assembly
- Completed reload, in  2.770 seconds
Domain Reload Profiling:
	ReloadAssembly (2771ms)
		BeginReloadAssembly (151ms)
			ExecutionOrderSort (0ms)
			DisableScriptedObjects (0ms)
			BackupInstance (0ms)
			ReleaseScriptingObjects (0ms)
			CreateAndSetChildDomain (1ms)
		EndReloadAssembly (2462ms)
			LoadAssemblies (150ms)
			RebuildTransferFunctionScriptingTraits (0ms)
			SetupTypeCache (194ms)
			ReleaseScriptCaches (0ms)
			RebuildScriptCaches (52ms)
			SetupLoadedEditorAssemblies (2122ms)
				LogAssemblyErrors (0ms)
				InitializePlatformSupportModulesInManaged (1600ms)
				SetLoadedEditorAssemblies (1ms)
				RefreshPlugins (217ms)
				BeforeProcessingInitializeOnLoad (3ms)
				ProcessInitializeOnLoadAttributes (199ms)
				ProcessInitializeOnLoadMethodAttributes (102ms)
				AfterProcessingInitializeOnLoad (0ms)
				EditorAssembliesLoaded (0ms)
			ExecutionOrderSort2 (0ms)
			AwakeInstancesAfterBackupRestoration (0ms)
Platform modules already initialized, skipping
Registering precompiled user dll's ...
Registered in 0.011756 seconds.
Begin MonoManager ReloadAssembly
Symbol file LoadedFromMemory doesn't match image A:\ігори(говнодев)\MyProject\Library\PackageCache\com.unity.visualscripting@1.8.0\Editor\VisualScripting.Core\Dependencies\YamlDotNet\Unity.VisualScripting.YamlDotNet.dll
Symbol file LoadedFromMemory doesn't match image A:\ігори(говнодев)\MyProject\Library\PackageCache\com.unity.visualscripting@1.8.0\Editor\VisualScripting.Core\Dependencies\DotNetZip\Unity.VisualScripting.IonicZip.dll
Native extension for WindowsStandalone target not found
Native extension for Android target not found
Refreshing native plugins compatible for Editor in 219.69 ms, found 4 plugins.
Preloading 0 native plugins for Editor in 0.00 ms.
Mono: successfully reloaded assembly
- Completed reload, in  2.637 seconds
Domain Reload Profiling:
	ReloadAssembly (2639ms)
		BeginReloadAssembly (253ms)
			ExecutionOrderSort (0ms)
			DisableScriptedObjects (13ms)
			BackupInstance (0ms)
			ReleaseScriptingObjects (0ms)
			CreateAndSetChildDomain (41ms)
		EndReloadAssembly (2159ms)
			LoadAssemblies (205ms)
			RebuildTransferFunctionScriptingTraits (0ms)
			SetupTypeCache (603ms)
			ReleaseScriptCaches (1ms)
			RebuildScriptCaches (156ms)
			SetupLoadedEditorAssemblies (1070ms)
				LogAssemblyErrors (0ms)
				InitializePlatformSupportModulesInManaged (36ms)
				SetLoadedEditorAssemblies (0ms)
				RefreshPlugins (220ms)
				BeforeProcessingInitializeOnLoad (203ms)
				ProcessInitializeOnLoadAttributes (521ms)
				ProcessInitializeOnLoadMethodAttributes (83ms)
				AfterProcessingInitializeOnLoad (6ms)
				EditorAssembliesLoaded (0ms)
			ExecutionOrderSort2 (0ms)
			AwakeInstancesAfterBackupRestoration (19ms)
Platform modules already initialized, skipping
========================================================================
Worker process is ready to serve import requests
Launched and connected shader compiler UnityShaderCompiler.exe after 0.12 seconds
Refreshing native plugins compatible for Editor in 1.60 ms, found 4 plugins.
Preloading 0 native plugins for Editor in 0.00 ms.
Unloading 3910 Unused Serialized files (Serialized files now loaded: 0)
Unloading 53 unused Assets / (275.6 KB). Loaded Objects now: 4367.
Memory consumption went from 149.0 MB to 148.7 MB.
Total: 7.094100 ms (FindLiveObjects: 0.486200 ms CreateObjectMapping: 0.420600 ms MarkObjects: 5.908400 ms  DeleteObjects: 0.276900 ms)

AssetImportParameters requested are different than current active one (requested -> active):
  custom:video-decoder-ogg-theora: a1e56fd34408186e4bbccfd4996cb3dc -> 
  custom:container-muxer-webm: aa71ff27fc2769a1b78a27578f13a17b -> 
  custom:container-demuxer-webm: 4f35f7cbe854078d1ac9338744f61a02 -> 
  custom:video-encoder-webm-vp8: eb34c28f22e8b96e1ab97ce403110664 -> 
  custom:audio-encoder-webm-vorbis: bf7c407c2cedff20999df2af8eb42d56 -> 
  custom:framework-win-MediaFoundation: 216162199b28c13a410421893ffa2e32 -> 
  custom:container-demuxer-ogg: 62fdf1f143b41e24485cea50d1cbac27 -> 
  custom:video-decoder-webm-vp8: 9c59270c3fd7afecdb556c50c9e8de78 -> 
  custom:audio-decoder-ogg-vorbis: bf7c407c2cedff20999df2af8eb42d56 -> 
========================================================================
Received Import Request.
  Time since last request: 3056329.862009 seconds.
  path: Assets/Graphics/Knight PNG/Knight_block_02.png
  artifactKey: Guid(276de7332cc176343be57d605b70bdb3) Importer(815301076,1909f56bfc062723c751e8b465ee728b)
Start importing Assets/Graphics/Knight PNG/Knight_block_02.png using Guid(276de7332cc176343be57d605b70bdb3) Importer(815301076,1909f56bfc062723c751e8b465ee728b)  -> (artifact id: 'ba658c9904b55bab0077c72ac8c77e4c') in 0.431104 seconds 
========================================================================
Received Import Request.
  Time since last request: 0.000034 seconds.
  path: Assets/Graphics/Knight PNG/Knight_die_07.png
  artifactKey: Guid(bb85b7b5b670de546b0be388480e0a78) Importer(815301076,1909f56bfc062723c751e8b465ee728b)
Start importing Assets/Graphics/Knight PNG/Knight_die_07.png using Guid(bb85b7b5b670de546b0be388480e0a78) Importer(815301076,1909f56bfc062723c751e8b465ee728b)  -> (artifact id: 'b4bbe9212866d18f8189deadb1c2c285') in 0.022944 seconds 
========================================================================
Received Import Request.
  Time since last request: 0.000048 seconds.
  path: Assets/Graphics/Knight PNG/Knight_cast_03.png
  artifactKey: Guid(bae9f6e834f890746bd2c9c7544c4b75) Importer(815301076,1909f56bfc062723c751e8b465ee728b)
Start importing Assets/Graphics/Knight PNG/Knight_cast_03.png using Guid(bae9f6e834f890746bd2c9c7544c4b75) Importer(815301076,1909f56bfc062723c751e8b465ee728b)  -> (artifact id: 'b1698479ddc80e8e49d148f4fd3b555d') in 0.026865 seconds 
========================================================================
Received Import Request.
  Time since last request: 0.000036 seconds.
  path: Assets/Graphics/Knight PNG/Knight_crouch_0.png
  artifactKey: Guid(852ed71025819974eaee06b652ba82bb) Importer(815301076,1909f56bfc062723c751e8b465ee728b)
Start importing Assets/Graphics/Knight PNG/Knight_crouch_0.png using Guid(852ed71025819974eaee06b652ba82bb) Importer(815301076,1909f56bfc062723c751e8b465ee728b)  -> (artifact id: '9d3256a9f7b2e9bf2466d3469e594c0d') in 0.024501 seconds 
========================================================================
Received Import Request.
  Time since last request: 0.000023 seconds.
  path: Assets/Graphics/Knight PNG/Knight_attack_03.png
  artifactKey: Guid(0ffdf19da652afe48a12609e61ed7b94) Importer(815301076,1909f56bfc062723c751e8b465ee728b)
Start importing Assets/Graphics/Knight PNG/Knight_attack_03.png using Guid(0ffdf19da652afe48a12609e61ed7b94) Importer(815301076,1909f56bfc062723c751e8b465ee728b)  -> (artifact id: 'b0012d0d3d90e031825fd95a1bd3b719') in 0.027202 seconds 
========================================================================
Received Import Request.
  Time since last request: 0.000025 seconds.
  path: Assets/Graphics/Knight PNG/Knight_die_04.png
  artifactKey: Guid(20eaf3352119b4a498d894619016f686) Importer(815301076,1909f56bfc062723c751e8b465ee728b)
Start importing Assets/Graphics/Knight PNG/Knight_die_04.png using Guid(20eaf3352119b4a498d894619016f686) Importer(815301076,1909f56bfc062723c751e8b465ee728b)  -> (artifact id: 'd1f81e04b3d7bbfdcf9066a3c4700642') in 0.027805 seconds 
========================================================================
Received Import Request.
  Time since last request: 0.000025 seconds.
  path: Assets/Graphics/Knight PNG/Knight_die_02.png
  artifactKey: Guid(11592a0b5f1d84c42b31729914d8ef78) Importer(815301076,1909f56bfc062723c751e8b465ee728b)
Start importing Assets/Graphics/Knight PNG/Knight_die_02.png using Guid(11592a0b5f1d84c42b31729914d8ef78) Importer(815301076,1909f56bfc062723c751e8b465ee728b)  -> (artifact id: '936349d85c8ea96768cdb536c4832eee') in 0.028282 seconds 
========================================================================
Received Import Request.
  Time since last request: 0.000035 seconds.
  path: Assets/Graphics/Knight PNG/Knight_block_04.png
  artifactKey: Guid(18ffd7c532c870c4d8ac5bfa7f53be4f) Importer(815301076,1909f56bfc062723c751e8b465ee728b)
Start importing Assets/Graphics/Knight PNG/Knight_block_04.png using Guid(18ffd7c532c870c4d8ac5bfa7f53be4f) Importer(815301076,1909f56bfc062723c751e8b465ee728b)  -> (artifact id: 'dd610774a83613b34ce49ea19877c3ae') in 0.029873 seconds 
========================================================================
Received Import Request.
  Time since last request: 0.000037 seconds.
  path: Assets/Graphics/Knight PNG/Knight_attack_06.png
  artifactKey: Guid(0c673844191288945b65f8f4ea934f2f) Importer(815301076,1909f56bfc062723c751e8b465ee728b)
Start importing Assets/Graphics/Knight PNG/Knight_attack_06.png using Guid(0c673844191288945b65f8f4ea934f2f) Importer(815301076,1909f56bfc062723c751e8b465ee728b)  -> (artifact id: 'ec6985492da3b0014b28d3f081f76338') in 0.024167 seconds 
========================================================================
Received Import Request.
  Time since last request: 0.000042 seconds.
  path: Assets/Graphics/Knight PNG/Knight_attack_05.png
  artifactKey: Guid(2d634060b61eb214a949fcd4b88122d9) Importer(815301076,1909f56bfc062723c751e8b465ee728b)
Start importing Assets/Graphics/Knight PNG/Knight_attack_05.png using Guid(2d634060b61eb214a949fcd4b88122d9) Importer(815301076,1909f56bfc062723c751e8b465ee728b)  -> (artifact id: '32c2c3d12776955ce5fe7562846b665b') in 0.025354 seconds 
========================================================================
Received Import Request.
  Time since last request: 0.000026 seconds.
  path: Assets/Graphics/Knight PNG/Knight_die_01.png
  artifactKey: Guid(d31612dc50d7c944ca419836362a0112) Importer(815301076,1909f56bfc062723c751e8b465ee728b)
Start importing Assets/Graphics/Knight PNG/Knight_die_01.png using Guid(d31612dc50d7c944ca419836362a0112) Importer(815301076,1909f56bfc062723c751e8b465ee728b)  -> (artifact id: 'c923b0703910b12f5655188ef0227649') in 0.025732 seconds 
========================================================================
Received Import Request.
  Time since last request: 0.000027 seconds.
  path: Assets/Graphics/Knight PNG/Knight_dash_03.png
  artifactKey: Guid(44301e48dd6a11e4d985f5846d6c89a0) Importer(815301076,1909f56bfc062723c751e8b465ee728b)
Start importing Assets/Graphics/Knight PNG/Knight_dash_03.png using Guid(44301e48dd6a11e4d985f5846d6c89a0) Importer(815301076,1909f56bfc062723c751e8b465ee728b)  -> (artifact id: 'c84818d39adef3af3f6e6265afe77096') in 0.027789 seconds 
========================================================================
Received Import Request.
  Time since last request: 0.000033 seconds.
  path: Assets/Graphics/Knight PNG/Knight_dizzy_02.png
  artifactKey: Guid(6ed4d5bbba75aa94c908353149559cbc) Importer(815301076,1909f56bfc062723c751e8b465ee728b)
Start importing Assets/Graphics/Knight PNG/Knight_dizzy_02.png using Guid(6ed4d5bbba75aa94c908353149559cbc) Importer(815301076,1909f56bfc062723c751e8b465ee728b)  -> (artifact id: 'a09e0ceff8945f3727bb5c62218a8c65') in 0.025234 seconds 
========================================================================
Received Import Request.
  Time since last request: 0.000026 seconds.
  path: Assets/Graphics/Knight PNG/Knight_block_03.png
  artifactKey: Guid(f19194380b336484099aab78a0470803) Importer(815301076,1909f56bfc062723c751e8b465ee728b)
Start importing Assets/Graphics/Knight PNG/Knight_block_03.png using Guid(f19194380b336484099aab78a0470803) Importer(815301076,1909f56bfc062723c751e8b465ee728b)  -> (artifact id: '792ff1774be8f00816433289e124ab53') in 0.026406 seconds 
========================================================================
Received Import Request.
  Time since last request: 0.000027 seconds.
  path: Assets/Graphics/Knight PNG/Knight_cast_01.png
  artifactKey: Guid(b97711f6951c24245aed6bfb9608d230) Importer(815301076,1909f56bfc062723c751e8b465ee728b)
Start importing Assets/Graphics/Knight PNG/Knight_cast_01.png using Guid(b97711f6951c24245aed6bfb9608d230) Importer(815301076,1909f56bfc062723c751e8b465ee728b)  -> (artifact id: '09d7e83beefb3d01aa1de57aa2065e98') in 0.029499 seconds 
========================================================================
Received Import Request.
  Time since last request: 0.000044 seconds.
  path: Assets/Graphics/Knight PNG/Knight_cast_02.png
  artifactKey: Guid(e0ee6519b33fbfb408dffd97edee7ebd) Importer(815301076,1909f56bfc062723c751e8b465ee728b)
Start importing Assets/Graphics/Knight PNG/Knight_cast_02.png using Guid(e0ee6519b33fbfb408dffd97edee7ebd) Importer(815301076,1909f56bfc062723c751e8b465ee728b)  -> (artifact id: 'eb82dd2cdbe669ccf13e94e73e4421c4') in 0.023721 seconds 
========================================================================
Received Import Request.
  Time since last request: 0.000129 seconds.
  path: Assets/Graphics/Knight PNG/Knight_cast_05.png
  artifactKey: Guid(4890fd93cbdf943489b0cc47d6c1ab5d) Importer(815301076,1909f56bfc062723c751e8b465ee728b)
Start importing Assets/Graphics/Knight PNG/Knight_cast_05.png using Guid(4890fd93cbdf943489b0cc47d6c1ab5d) Importer(815301076,1909f56bfc062723c751e8b465ee728b)  -> (artifact id: '684b75062edc6d69585c2b5cd934548f') in 0.024470 seconds 
========================================================================
Received Import Request.
  Time since last request: 0.000037 seconds.
  path: Assets/Graphics/Knight PNG/Knight_hurt_02.png
  artifactKey: Guid(71a762c8ac489fc4da05f2ffdc581140) Importer(815301076,1909f56bfc062723c751e8b465ee728b)
Start importing Assets/Graphics/Knight PNG/Knight_hurt_02.png using Guid(71a762c8ac489fc4da05f2ffdc581140) Importer(815301076,1909f56bfc062723c751e8b465ee728b)  -> (artifact id: '02920e013a6e9bd55d306445aaf0355f') in 0.030437 seconds 
========================================================================
Received Import Request.
  Time since last request: 0.000027 seconds.
  path: Assets/Graphics/Knight PNG/Knight_dash_01.png
  artifactKey: Guid(cc3764316778c2342933cd8b955a0606) Importer(815301076,1909f56bfc062723c751e8b465ee728b)
Start importing Assets/Graphics/Knight PNG/Knight_dash_01.png using Guid(cc3764316778c2342933cd8b955a0606) Importer(815301076,1909f56bfc062723c751e8b465ee728b)  -> (artifact id: 'f4c3d8a313fe903c123d064ee421f186') in 0.022937 seconds 
========================================================================
Received Import Request.
  Time since last request: 0.000029 seconds.
  path: Assets/Graphics/Knight PNG/Knight_die_06.png
  artifactKey: Guid(98dda13dc8bdd7942a802db594a5fae3) Importer(815301076,1909f56bfc062723c751e8b465ee728b)
Start importing Assets/Graphics/Knight PNG/Knight_die_06.png using Guid(98dda13dc8bdd7942a802db594a5fae3) Importer(815301076,1909f56bfc062723c751e8b465ee728b)  -> (artifact id: '1baed997746be5291b98e818b58961b4') in 0.029787 seconds 
========================================================================
Received Import Request.
  Time since last request: 0.000037 seconds.
  path: Assets/Graphics/Knight PNG/Knight_dizzy_03.png
  artifactKey: Guid(c349fdd17e40e7643a59d945a37adcd1) Importer(815301076,1909f56bfc062723c751e8b465ee728b)
Start importing Assets/Graphics/Knight PNG/Knight_dizzy_03.png using Guid(c349fdd17e40e7643a59d945a37adcd1) Importer(815301076,1909f56bfc062723c751e8b465ee728b)  -> (artifact id: '32331dc3e347221307ddd7c939961e3a') in 0.026302 seconds 
========================================================================
Received Import Request.
  Time since last request: 0.000034 seconds.
  path: Assets/Graphics/Knight PNG/Knight_die_05.png
  artifactKey: Guid(8143c843fd2934a4880584640fa50c21) Importer(815301076,1909f56bfc062723c751e8b465ee728b)
Start importing Assets/Graphics/Knight PNG/Knight_die_05.png using Guid(8143c843fd2934a4880584640fa50c21) Importer(815301076,1909f56bfc062723c751e8b465ee728b)  -> (artifact id: 'e3e7a3d99fccdf94eae26bec9a7cbd1e') in 0.028988 seconds 
========================================================================
Received Import Request.
  Time since last request: 0.000068 seconds.
  path: Assets/Graphics/Knight PNG/Knight_attack_01.png
  artifactKey: Guid(192eccda280e2ec4c99be851889e09ed) Importer(815301076,1909f56bfc062723c751e8b465ee728b)
Start importing Assets/Graphics/Knight PNG/Knight_attack_01.png using Guid(192eccda280e2ec4c99be851889e09ed) Importer(815301076,1909f56bfc062723c751e8b465ee728b)  -> (artifact id: '7cc35d5b2876950365896957fc2814c3') in 0.029634 seconds 
========================================================================
Received Import Request.
  Time since last request: 0.000042 seconds.
  path: Assets/Graphics/Knight PNG/Knight_idle_01.png
  artifactKey: Guid(84ce2f114ad12bd4ebafc77060220324) Importer(815301076,1909f56bfc062723c751e8b465ee728b)
Start importing Assets/Graphics/Knight PNG/Knight_idle_01.png using Guid(84ce2f114ad12bd4ebafc77060220324) Importer(815301076,1909f56bfc062723c751e8b465ee728b)  -> (artifact id: '7341b783bc47bb1a62d3ab348c4fe09b') in 0.023398 seconds 
========================================================================
Received Import Request.
  Time since last request: 0.000025 seconds.
  path: Assets/Graphics/Knight PNG/Knight_block_01.png
  artifactKey: Guid(5cfc8e09a9a6be647958e6f33e5337d6) Importer(815301076,1909f56bfc062723c751e8b465ee728b)
Start importing Assets/Graphics/Knight PNG/Knight_block_01.png using Guid(5cfc8e09a9a6be647958e6f33e5337d6) Importer(815301076,1909f56bfc062723c751e8b465ee728b)  -> (artifact id: 'd74ae8cd5881cf061a63edbd83b6afa2') in 0.025843 seconds 
========================================================================
Received Import Request.
  Time since last request: 0.000026 seconds.
  path: Assets/Graphics/Knight PNG/Knight_dizzy_01.png
  artifactKey: Guid(5727589126812804db2743e7f3c13bea) Importer(815301076,1909f56bfc062723c751e8b465ee728b)
Start importing Assets/Graphics/Knight PNG/Knight_dizzy_01.png using Guid(5727589126812804db2743e7f3c13bea) Importer(815301076,1909f56bfc062723c751e8b465ee728b)  -> (artifact id: 'c98b9269e514ac14fd57c91f66900e11') in 0.026898 seconds 
========================================================================
Received Import Request.
  Time since last request: 0.000055 seconds.
  path: Assets/Graphics/Knight PNG/Knight_hurt_01.png
  artifactKey: Guid(97b66dffb07ccfe48a6fe981c87cf40a) Importer(815301076,1909f56bfc062723c751e8b465ee728b)
Start importing Assets/Graphics/Knight PNG/Knight_hurt_01.png using Guid(97b66dffb07ccfe48a6fe981c87cf40a) Importer(815301076,1909f56bfc062723c751e8b465ee728b)  -> (artifact id: '4f07d8153d960ca805cf49e0fb9e5d54') in 0.029279 seconds 
========================================================================
Received Import Request.
  Time since last request: 0.000025 seconds.
  path: Assets/Graphics/Knight PNG/Knight_cast_04.png
  artifactKey: Guid(75fdd5fab73368241af6833a5b8a660f) Importer(815301076,1909f56bfc062723c751e8b465ee728b)
Start importing Assets/Graphics/Knight PNG/Knight_cast_04.png using Guid(75fdd5fab73368241af6833a5b8a660f) Importer(815301076,1909f56bfc062723c751e8b465ee728b)  -> (artifact id: '41b2e4e72c744983fc401ade5801f779') in 0.026431 seconds 
========================================================================
Received Import Request.
  Time since last request: 0.000029 seconds.
  path: Assets/Graphics/Knight PNG/Knight_attack_02.png
  artifactKey: Guid(97c6ebd3ca4f107448b3b2d9b16e5d6d) Importer(815301076,1909f56bfc062723c751e8b465ee728b)
Start importing Assets/Graphics/Knight PNG/Knight_attack_02.png using Guid(97c6ebd3ca4f107448b3b2d9b16e5d6d) Importer(815301076,1909f56bfc062723c751e8b465ee728b)  -> (artifact id: '73e5d6027d4022638dfccabbb541d465') in 0.026468 seconds 
========================================================================
Received Import Request.
  Time since last request: 0.000034 seconds.
  path: Assets/Graphics/Knight PNG/Knight_attack_04.png
  artifactKey: Guid(a1b4b1f3ee0e4664aada556dbd4c246d) Importer(815301076,1909f56bfc062723c751e8b465ee728b)
Start importing Assets/Graphics/Knight PNG/Knight_attack_04.png using Guid(a1b4b1f3ee0e4664aada556dbd4c246d) Importer(815301076,1909f56bfc062723c751e8b465ee728b)  -> (artifact id: 'e637862e5cff2a16ccce5cec2f21afea') in 0.026957 seconds 
========================================================================
Received Import Request.
  Time since last request: 0.000039 seconds.
  path: Assets/Graphics/Knight PNG/Knight_dash_02.png
  artifactKey: Guid(d01f5abdf66dfaa4f8969d2db66c9e72) Importer(815301076,1909f56bfc062723c751e8b465ee728b)
Start importing Assets/Graphics/Knight PNG/Knight_dash_02.png using Guid(d01f5abdf66dfaa4f8969d2db66c9e72) Importer(815301076,1909f56bfc062723c751e8b465ee728b)  -> (artifact id: '7d014a64acee79be27160ec128fe474e') in 0.024376 seconds 
========================================================================
Received Import Request.
  Time since last request: 0.000024 seconds.
  path: Assets/Graphics/Knight PNG/Knight_die_03.png
  artifactKey: Guid(efa1e239a79810d49ac4322b079f27b9) Importer(815301076,1909f56bfc062723c751e8b465ee728b)
Start importing Assets/Graphics/Knight PNG/Knight_die_03.png using Guid(efa1e239a79810d49ac4322b079f27b9) Importer(815301076,1909f56bfc062723c751e8b465ee728b)  -> (artifact id: 'b989662e063b4af5d7bfadf4919450a6') in 0.026734 seconds 
========================================================================
Received Import Request.
  Time since last request: 0.000026 seconds.
  path: Assets/Graphics/Knight PNG/Knight_die_08.png
  artifactKey: Guid(68b0159974b8f1c4fabb133d28ac2a9d) Importer(815301076,1909f56bfc062723c751e8b465ee728b)
Start importing Assets/Graphics/Knight PNG/Knight_die_08.png using Guid(68b0159974b8f1c4fabb133d28ac2a9d) Importer(815301076,1909f56bfc062723c751e8b465ee728b)  -> (artifact id: '5d42e4993041d6982c1579f2747f2f34') in 0.026509 seconds 
